<?xml version="1.0" encoding="UTF-8"?>
<testsuite xmlns:xsi="http://www.w3.org/2001/XMLSchema-instance" xsi:noNamespaceSchemaLocation="https://maven.apache.org/surefire/maven-surefire-plugin/xsd/surefire-test-report-3.0.xsd" version="3.0" name="TestSuite" time="4.437" tests="19" errors="0" skipped="0" failures="17">
  <properties>
[...]
</properties>
  <testcase name="validGetRequest" classname="ValidGetRequest" time="0.062"/>
  <testcase name="addOneMoreFieldInPostRequest" classname="AddOneMoreField" time="0.079">
    <failure message="expected [405] but found [200]" type="java.lang.AssertionError">java.lang.AssertionError: expected [405] but found [200]
	at AddOneMoreField.addOneMoreFieldInPostRequest(AddOneMoreField.java:21)
</failure>
  </testcase>
  <testcase name="capitalLetterInField" classname="CapitalLetterInField" time="0.053">
    <failure message="expected [400] but found [200]" type="java.lang.AssertionError">java.lang.AssertionError: expected [400] but found [200]
	at CapitalLetterInField.capitalLetterInField(CapitalLetterInField.java:20)
</failure>
  </testcase>
  <testcase name="emptyBearType" classname="EmptyBearType" time="0.096">
    <failure message="expected [400] but found [500]" type="java.lang.AssertionError">java.lang.AssertionError: expected [400] but found [500]
	at EmptyBearType.emptyBearType(EmptyBearType.java:20)
</failure>
  </testcase>
  <testcase name="invalidDataBearAge" classname="InvalidDataBearAge" time="0.056">
    <failure message="expected [405] but found [500]" type="java.lang.AssertionError">java.lang.AssertionError: expected [405] but found [500]
	at InvalidDataBearAge.invalidDataBearAge(InvalidDataBearAge.java:22)
</failure>
  </testcase>
  <testcase name="invalidValueInBearType" classname="InvalidValueInBearType" time="0.038">
    <failure message="expected [400] but found [500]" type="java.lang.AssertionError">java.lang.AssertionError: expected [400] but found [500]
	at InvalidValueInBearType.invalidValueInBearType(InvalidValueInBearType.java:20)
</failure>
  </testcase>
  <testcase name="postRequestWithIdInUrl" classname="PostRequestWithIdInUrl" time="0.035">
    <failure message="expected [405] but found [404]" type="java.lang.AssertionError">java.lang.AssertionError: expected [405] but found [404]
	at PostRequestWithIdInUrl.postRequestWithIdInUrl(PostRequestWithIdInUrl.java:20)
</failure>
  </testcase>
  <testcase name="validPostRequest" classname="ValidPostRequest" time="0.022"/>
  <testcase name="wrongNameOfFielBearTypedUsingPostRequest" classname="WrongNameOfFieldUsingPostRequest" time="0.056">
    <failure message="expected [400] but found [200]" type="java.lang.AssertionError">java.lang.AssertionError: expected [400] but found [200]
	at WrongNameOfFieldUsingPostRequest.wrongNameOfFielBearTypedUsingPostRequest(WrongNameOfFieldUsingPostRequest.java:20)
</failure>
  </testcase>
  <testcase name="smallLettersInBearTypeField" classname="SmallLettersInBearTypeField" time="0.017">
    <failure message="expected [400] but found [500]" type="java.lang.AssertionError">java.lang.AssertionError: expected [400] but found [500]
	at SmallLettersInBearTypeField.smallLettersInBearTypeField(SmallLettersInBearTypeField.java:23)
</failure>
  </testcase>
  <testcase name="useOnlySpaces" classname="UseOnlySpacesInValuesOfFields" time="0.048">
    <failure message="expected [400] but found [500]" type="java.lang.AssertionError">java.lang.AssertionError: expected [400] but found [500]
	at UseOnlySpacesInValuesOfFields.useOnlySpaces(UseOnlySpacesInValuesOfFields.java:20)
</failure>
  </testcase>
  <testcase name="wrongDataBearType" classname="WrongDataBearType" time="0.031">
    <failure message="expected [400] but found [500]" type="java.lang.AssertionError">java.lang.AssertionError: expected [400] but found [500]
	at WrongDataBearType.wrongDataBearType(WrongDataBearType.java:20)
</failure>
  </testcase>
  <testcase name="changeBearNameWithPutRequest" classname="ChangeBearNameWithPutRequest" time="0.049">
    <failure message="expected [200] but found [500]" type="java.lang.AssertionError">java.lang.AssertionError: expected [200] but found [500]
	at ChangeBearNameWithPutRequest.changeBearNameWithPutRequest(ChangeBearNameWithPutRequest.java:20)
</failure>
  </testcase>
  <testcase name="noValuesInFields" classname="EmptyValuesInAllFields" time="0.042">
    <failure message="expected [400] but found [500]" type="java.lang.AssertionError">java.lang.AssertionError: expected [400] but found [500]
	at EmptyValuesInAllFields.noValuesInFields(EmptyValuesInAllFields.java:20)
</failure>
  </testcase>
  <testcase name="nonExistentBear" classname="PutRequestForNonExistentBear" time="0.068">
    <failure message="expected [404] but found [500]" type="java.lang.AssertionError">java.lang.AssertionError: expected [404] but found [500]
	at PutRequestForNonExistentBear.nonExistentBear(PutRequestForNonExistentBear.java:20)
</failure>
  </testcase>
  <testcase name="wrongFieldNameBearName" classname="WrongFieldNameBearName" time="0.021">
    <failure message="expected [400] but found [500]" type="java.lang.AssertionError">java.lang.AssertionError: expected [400] but found [500]
	at WrongFieldNameBearName.wrongFieldNameBearName(WrongFieldNameBearName.java:20)
</failure>
  </testcase>
  <testcase name="wrongNameOfFielBearAgedUsingPutRequest" classname="WrongNameOfFieldBearAgeUsingPutRequest" time="0.022">
    <failure message="expected [400] but found [500]" type="java.lang.AssertionError">java.lang.AssertionError: expected [400] but found [500]
	at WrongNameOfFieldBearAgeUsingPutRequest.wrongNameOfFielBearAgedUsingPutRequest(WrongNameOfFieldBearAgeUsingPutRequest.java:20)
</failure>
  </testcase>
  <testcase name="deleteNonExistentBear" classname="DeleteNonExistentBear" time="0.019">
    <failure message="expected [404] but found [200]" type="java.lang.AssertionError">java.lang.AssertionError: expected [404] but found [200]
	at DeleteNonExistentBear.deleteNonExistentBear(DeleteNonExistentBear.java:21)
</failure>
  </testcase>
  <testcase name="deleteRequestWithoutID" classname="DeleteRequestWithoutID" time="0.019">
    <failure message="expected [400] but found [200]" type="java.lang.AssertionError">java.lang.AssertionError: expected [400] but found [200]
	at DeleteRequestWithoutID.deleteRequestWithoutID(DeleteRequestWithoutID.java:20)
</failure>
  </testcase>
</testsuite>