<?xml version="1.0" encoding="UTF-8"?>
<testsuite xmlns:xsi="http://www.w3.org/2001/XMLSchema-instance" xsi:noNamespaceSchemaLocation="https://maven.apache.org/surefire/maven-surefire-plugin/xsd/surefire-test-report-3.0.xsd" version="3.0" name="TestSuite" time="1.646" tests="2" errors="0" skipped="0" failures="2">
  <properties>
[...]
</properties>
  <testcase name="deleteNonExistentBear" classname="DeleteNonExistentBear" time="1.214">
    <failure message="В соединении отказано (Connection refused)" type="java.net.ConnectException">java.net.ConnectException: В соединении отказано (Connection refused)
	at DeleteNonExistentBear.deleteNonExistentBear(DeleteNonExistentBear.java:19)
</failure>
  </testcase>
  <testcase name="deleteRequestWithoutID" classname="DeleteRequestWithoutID" time="0.015">
    <failure message="В соединении отказано (Connection refused)" type="java.net.ConnectException">java.net.ConnectException: В соединении отказано (Connection refused)
	at DeleteRequestWithoutID.deleteRequestWithoutID(DeleteRequestWithoutID.java:18)
</failure>
  </testcase>
</testsuite>