-------------------------------------------------------------------------------
Test set: TestSuite
-------------------------------------------------------------------------------
Tests run: 11, Failures: 10, Errors: 0, Skipped: 0, Time elapsed: 1.954 s <<< FAILURE! - in TestSuite
addOneMoreFieldInPostRequest(AddOneMoreField)  Time elapsed: 1.296 s  <<< FAILURE!
java.lang.AssertionError: expected [405] but found [200]
	at AddOneMoreField.addOneMoreFieldInPostRequest(AddOneMoreField.java:21)

capitalLetterInField(CapitalLetterInField)  Time elapsed: 0.02 s  <<< FAILURE!
java.lang.AssertionError: expected [400] but found [200]
	at CapitalLetterInField.capitalLetterInField(CapitalLetterInField.java:20)

emptyBearType(EmptyBearType)  Time elapsed: 0.052 s  <<< FAILURE!
java.lang.AssertionError: expected [400] but found [500]
	at EmptyBearType.emptyBearType(EmptyBearType.java:20)

invalidDataBearAge(InvalidDataBearAge)  Time elapsed: 0.029 s  <<< FAILURE!
java.lang.AssertionError: expected [405] but found [500]
	at InvalidDataBearAge.invalidDataBearAge(InvalidDataBearAge.java:22)

invalidValueInBearType(InvalidValueInBearType)  Time elapsed: 0.033 s  <<< FAILURE!
java.lang.AssertionError: expected [400] but found [500]
	at InvalidValueInBearType.invalidValueInBearType(InvalidValueInBearType.java:20)

postRequestWithIdInUrl(PostRequestWithIdInUrl)  Time elapsed: 0.021 s  <<< FAILURE!
java.lang.AssertionError: expected [405] but found [404]
	at PostRequestWithIdInUrl.postRequestWithIdInUrl(PostRequestWithIdInUrl.java:20)

wrongNameOfFielBearTypedUsingPostRequest(WrongNameOfFieldUsingPostRequest)  Time elapsed: 0.02 s  <<< FAILURE!
java.lang.AssertionError: expected [400] but found [200]
	at WrongNameOfFieldUsingPostRequest.wrongNameOfFielBearTypedUsingPostRequest(WrongNameOfFieldUsingPostRequest.java:20)

smallLettersInBearTypeField(SmallLettersInBearTypeField)  Time elapsed: 0.016 s  <<< FAILURE!
java.lang.AssertionError: expected [400] but found [500]
	at SmallLettersInBearTypeField.smallLettersInBearTypeField(SmallLettersInBearTypeField.java:23)

useOnlySpaces(UseOnlySpacesInValuesOfFields)  Time elapsed: 0.038 s  <<< FAILURE!
java.lang.AssertionError: expected [400] but found [500]
	at UseOnlySpacesInValuesOfFields.useOnlySpaces(UseOnlySpacesInValuesOfFields.java:20)

wrongDataBearType(WrongDataBearType)  Time elapsed: 0.013 s  <<< FAILURE!
java.lang.AssertionError: expected [400] but found [500]
	at WrongDataBearType.wrongDataBearType(WrongDataBearType.java:20)

