<?xml version="1.0" encoding="UTF-8"?>
<!-- Generated by org.testng.reporters.JUnitXMLReporter -->
<testsuite hostname="vova-Lenovo-ideapad-310-15IKB" tests="2" failures="2" timestamp="27 Aug 2019 09:33:04 GMT" time="1.388" errors="0">
  <testcase name="deleteNonExistentBear" time="1.353" classname="DeleteNonExistentBear">
    <failure type="java.lang.AssertionError" message="expected [404] but found [200]">
      <![CDATA[java.lang.AssertionError: expected [404] but found [200]
	at DeleteNonExistentBear.deleteNonExistentBear(DeleteNonExistentBear.java:21)
	at org.apache.maven.surefire.testng.TestNGExecutor.run(TestNGExecutor.java:283)
	at org.apache.maven.surefire.testng.TestNGXmlTestSuite.execute(TestNGXmlTestSuite.java:75)
	at org.apache.maven.surefire.testng.TestNGProvider.invoke(TestNGProvider.java:120)
	at org.apache.maven.surefire.booter.ForkedBooter.invokeProviderInSameClassLoader(ForkedBooter.java:384)
	at org.apache.maven.surefire.booter.ForkedBooter.runSuitesInProcess(ForkedBooter.java:345)
	at org.apache.maven.surefire.booter.ForkedBooter.execute(ForkedBooter.java:126)
	at org.apache.maven.surefire.booter.ForkedBooter.main(ForkedBooter.java:418)
... Removed 26 stack frames]]>
    </failure>
  </testcase> <!-- deleteNonExistentBear -->
  <testcase name="deleteRequestWithoutID" time="0.015" classname="DeleteRequestWithoutID">
    <failure type="java.lang.AssertionError" message="expected [400] but found [200]">
      <![CDATA[java.lang.AssertionError: expected [400] but found [200]
	at DeleteRequestWithoutID.deleteRequestWithoutID(DeleteRequestWithoutID.java:20)
	at org.apache.maven.surefire.testng.TestNGExecutor.run(TestNGExecutor.java:283)
	at org.apache.maven.surefire.testng.TestNGXmlTestSuite.execute(TestNGXmlTestSuite.java:75)
	at org.apache.maven.surefire.testng.TestNGProvider.invoke(TestNGProvider.java:120)
	at org.apache.maven.surefire.booter.ForkedBooter.invokeProviderInSameClassLoader(ForkedBooter.java:384)
	at org.apache.maven.surefire.booter.ForkedBooter.runSuitesInProcess(ForkedBooter.java:345)
	at org.apache.maven.surefire.booter.ForkedBooter.execute(ForkedBooter.java:126)
	at org.apache.maven.surefire.booter.ForkedBooter.main(ForkedBooter.java:418)
... Removed 26 stack frames]]>
    </failure>
  </testcase> <!-- deleteRequestWithoutID -->
</testsuite>
